<?xml version="1.0" encoding="UTF-8"?>
<!-- Generated by org.testng.reporters.JUnitReportReporter -->
<testsuite hostname="Prakash_Muthu" failures="0" tests="1" name="Test_Package.homePage_Test" time="4.658" errors="0" timestamp="2024-11-27T11:49:41 IST" skipped="0">
  <testcase classname="Test_Package.homePage_Test" name="verify_homePage" time="4.658"/>
</testsuite> <!-- Test_Package.homePage_Test -->
